<?xml version="1.0" encoding="UTF-8"?>
<testng-results ignored="0" total="2" passed="2" failed="0" skipped="0">
  <reporter-output>
  </reporter-output>
  <suite started-at="2021-09-27T19:08:07 IST" name="Default suite" finished-at="2021-09-27T19:08:08 IST" duration-ms="79">
    <groups>
    </groups>
    <test started-at="2021-09-27T19:08:07 IST" name="Default test" finished-at="2021-09-27T19:08:08 IST" duration-ms="79">
      <class name="testcases.FirstTest">
        <test-method signature="g()[pri:1, instance:testcases.FirstTest@1d8bd0de]" started-at="2021-09-27T19:08:07 IST" name="g" finished-at="2021-09-27T19:08:08 IST" duration-ms="16" status="PASS">
          <reporter-output>
          </reporter-output>
        </test-method> <!-- g -->
        <test-method signature="k()[pri:0, instance:testcases.FirstTest@1d8bd0de]" started-at="2021-09-27T19:08:08 IST" name="k" finished-at="2021-09-27T19:08:08 IST" depends-on-methods="testcases.FirstTest.g" duration-ms="2" status="PASS">
          <reporter-output>
          </reporter-output>
        </test-method> <!-- k -->
      </class> <!-- testcases.FirstTest -->
    </test> <!-- Default test -->
  </suite> <!-- Default suite -->
</testng-results>
